Determining if the pthread_create exist failed with the following output:
Change Dir: /mnt/hgfs/CTP/CppCTP/CppCTP_SOCKET/socket_demo/multi-thread-socket/server/CMakeFiles/CMakeTmp

Run Build Command:/usr/bin/gmake "cmTryCompileExec721656582/fast"
/usr/bin/gmake -f CMakeFiles/cmTryCompileExec721656582.dir/build.make CMakeFiles/cmTryCompileExec721656582.dir/build
gmake: Warning: File `Makefile' has modification time 14 s in the future
gmake[1]: Entering directory `/mnt/hgfs/CTP/CppCTP/CppCTP_SOCKET/socket_demo/multi-thread-socket/server/CMakeFiles/CMakeTmp'
gmake[1]: Warning: File `CMakeFiles/cmTryCompileExec721656582.dir/flags.make' has modification time 14 s in the future
/usr/bin/cmake -E cmake_progress_report /mnt/hgfs/CTP/CppCTP/CppCTP_SOCKET/socket_demo/multi-thread-socket/server/CMakeFiles/CMakeTmp/CMakeFiles 1
Building C object CMakeFiles/cmTryCompileExec721656582.dir/CheckSymbolExists.c.o
/usr/bin/cc    -o CMakeFiles/cmTryCompileExec721656582.dir/CheckSymbolExists.c.o   -c /mnt/hgfs/CTP/CppCTP/CppCTP_SOCKET/socket_demo/multi-thread-socket/server/CMakeFiles/CMakeTmp/CheckSymbolExists.c
Linking C executable cmTryCompileExec721656582
/usr/bin/cmake -E cmake_link_script CMakeFiles/cmTryCompileExec721656582.dir/link.txt --verbose=1
/usr/bin/cc       CMakeFiles/cmTryCompileExec721656582.dir/CheckSymbolExists.c.o  -o cmTryCompileExec721656582 -rdynamic 
CMakeFiles/cmTryCompileExec721656582.dir/CheckSymbolExists.c.o: In function `main':
CheckSymbolExists.c:(.text+0xc): undefined reference to `pthread_create'
collect2: ld returned 1 exit status
gmake[1]: *** [cmTryCompileExec721656582] Error 1
gmake[1]: Leaving directory `/mnt/hgfs/CTP/CppCTP/CppCTP_SOCKET/socket_demo/multi-thread-socket/server/CMakeFiles/CMakeTmp'
gmake: *** [cmTryCompileExec721656582/fast] Error 2

File /mnt/hgfs/CTP/CppCTP/CppCTP_SOCKET/socket_demo/multi-thread-socket/server/CMakeFiles/CMakeTmp/CheckSymbolExists.c:
/* */
#include <pthread.h>

int main(int argc, char** argv)
{
  (void)argv;
#ifndef pthread_create
  return ((int*)(&pthread_create))[argc];
#else
  (void)argc;
  return 0;
#endif
}

Determining if the function pthread_create exists in the pthreads failed with the following output:
Change Dir: /mnt/hgfs/CTP/CppCTP/CppCTP_SOCKET/socket_demo/multi-thread-socket/server/CMakeFiles/CMakeTmp

Run Build Command:/usr/bin/gmake "cmTryCompileExec1226789577/fast"
/usr/bin/gmake -f CMakeFiles/cmTryCompileExec1226789577.dir/build.make CMakeFiles/cmTryCompileExec1226789577.dir/build
gmake: Warning: File `Makefile' has modification time 14 s in the future
gmake[1]: Entering directory `/mnt/hgfs/CTP/CppCTP/CppCTP_SOCKET/socket_demo/multi-thread-socket/server/CMakeFiles/CMakeTmp'
gmake[1]: Warning: File `CMakeFiles/cmTryCompileExec1226789577.dir/flags.make' has modification time 14 s in the future
/usr/bin/cmake -E cmake_progress_report /mnt/hgfs/CTP/CppCTP/CppCTP_SOCKET/socket_demo/multi-thread-socket/server/CMakeFiles/CMakeTmp/CMakeFiles 1
Building C object CMakeFiles/cmTryCompileExec1226789577.dir/CheckFunctionExists.c.o
/usr/bin/cc   -DCHECK_FUNCTION_EXISTS=pthread_create   -o CMakeFiles/cmTryCompileExec1226789577.dir/CheckFunctionExists.c.o   -c /usr/share/cmake/Modules/CheckFunctionExists.c
Linking C executable cmTryCompileExec1226789577
/usr/bin/cmake -E cmake_link_script CMakeFiles/cmTryCompileExec1226789577.dir/link.txt --verbose=1
/usr/bin/cc   -DCHECK_FUNCTION_EXISTS=pthread_create    CMakeFiles/cmTryCompileExec1226789577.dir/CheckFunctionExists.c.o  -o cmTryCompileExec1226789577 -rdynamic -lpthreads 
/usr/bin/ld: cannot find -lpthreads
collect2: ld returned 1 exit status
gmake[1]: *** [cmTryCompileExec1226789577] Error 1
gmake[1]: Leaving directory `/mnt/hgfs/CTP/CppCTP/CppCTP_SOCKET/socket_demo/multi-thread-socket/server/CMakeFiles/CMakeTmp'
gmake: *** [cmTryCompileExec1226789577/fast] Error 2


