Determining if the pthread_create exist failed with the following output:
Change Dir: /mnt/hgfs/CTP/CppCTP/CppCTP_SOCKET/socket_demo/multi-thread-socket_C++_Python/server/CMakeFiles/CMakeTmp

Run Build Command:/usr/bin/gmake "cmTryCompileExec394919506/fast"
gmake: Warning: File `Makefile' has modification time 0.3 s in the future
/usr/bin/gmake -f CMakeFiles/cmTryCompileExec394919506.dir/build.make CMakeFiles/cmTryCompileExec394919506.dir/build
gmake[1]: Entering directory `/mnt/hgfs/CTP/CppCTP/CppCTP_SOCKET/socket_demo/multi-thread-socket_C++_Python/server/CMakeFiles/CMakeTmp'
gmake[1]: Warning: File `CMakeFiles/cmTryCompileExec394919506.dir/flags.make' has modification time 0.3 s in the future
/usr/bin/cmake -E cmake_progress_report /mnt/hgfs/CTP/CppCTP/CppCTP_SOCKET/socket_demo/multi-thread-socket_C++_Python/server/CMakeFiles/CMakeTmp/CMakeFiles 1
Building C object CMakeFiles/cmTryCompileExec394919506.dir/CheckSymbolExists.c.o
/usr/bin/cc    -o CMakeFiles/cmTryCompileExec394919506.dir/CheckSymbolExists.c.o   -c /mnt/hgfs/CTP/CppCTP/CppCTP_SOCKET/socket_demo/multi-thread-socket_C++_Python/server/CMakeFiles/CMakeTmp/CheckSymbolExists.c
Linking C executable cmTryCompileExec394919506
/usr/bin/cmake -E cmake_link_script CMakeFiles/cmTryCompileExec394919506.dir/link.txt --verbose=1
/usr/bin/cc       CMakeFiles/cmTryCompileExec394919506.dir/CheckSymbolExists.c.o  -o cmTryCompileExec394919506 -rdynamic 
CMakeFiles/cmTryCompileExec394919506.dir/CheckSymbolExists.c.o: In function `main':
CheckSymbolExists.c:(.text+0xc): undefined reference to `pthread_create'
collect2: ld returned 1 exit status
gmake[1]: *** [cmTryCompileExec394919506] Error 1
gmake[1]: Leaving directory `/mnt/hgfs/CTP/CppCTP/CppCTP_SOCKET/socket_demo/multi-thread-socket_C++_Python/server/CMakeFiles/CMakeTmp'
gmake: *** [cmTryCompileExec394919506/fast] Error 2

File /mnt/hgfs/CTP/CppCTP/CppCTP_SOCKET/socket_demo/multi-thread-socket_C++_Python/server/CMakeFiles/CMakeTmp/CheckSymbolExists.c:
/* */
#include <pthread.h>

int main(int argc, char** argv)
{
  (void)argv;
#ifndef pthread_create
  return ((int*)(&pthread_create))[argc];
#else
  (void)argc;
  return 0;
#endif
}

Determining if the function pthread_create exists in the pthreads failed with the following output:
Change Dir: /mnt/hgfs/CTP/CppCTP/CppCTP_SOCKET/socket_demo/multi-thread-socket_C++_Python/server/CMakeFiles/CMakeTmp

Run Build Command:/usr/bin/gmake "cmTryCompileExec3024745023/fast"
gmake: Warning: File `Makefile' has modification time 0.3 s in the future
/usr/bin/gmake -f CMakeFiles/cmTryCompileExec3024745023.dir/build.make CMakeFiles/cmTryCompileExec3024745023.dir/build
gmake[1]: Entering directory `/mnt/hgfs/CTP/CppCTP/CppCTP_SOCKET/socket_demo/multi-thread-socket_C++_Python/server/CMakeFiles/CMakeTmp'
gmake[1]: Warning: File `CMakeFiles/cmTryCompileExec3024745023.dir/flags.make' has modification time 0.3 s in the future
/usr/bin/cmake -E cmake_progress_report /mnt/hgfs/CTP/CppCTP/CppCTP_SOCKET/socket_demo/multi-thread-socket_C++_Python/server/CMakeFiles/CMakeTmp/CMakeFiles 1
Building C object CMakeFiles/cmTryCompileExec3024745023.dir/CheckFunctionExists.c.o
/usr/bin/cc   -DCHECK_FUNCTION_EXISTS=pthread_create   -o CMakeFiles/cmTryCompileExec3024745023.dir/CheckFunctionExists.c.o   -c /usr/share/cmake/Modules/CheckFunctionExists.c
Linking C executable cmTryCompileExec3024745023
/usr/bin/cmake -E cmake_link_script CMakeFiles/cmTryCompileExec3024745023.dir/link.txt --verbose=1
/usr/bin/cc   -DCHECK_FUNCTION_EXISTS=pthread_create    CMakeFiles/cmTryCompileExec3024745023.dir/CheckFunctionExists.c.o  -o cmTryCompileExec3024745023 -rdynamic -lpthreads 
/usr/bin/ld: cannot find -lpthreads
collect2: ld returned 1 exit status
gmake[1]: *** [cmTryCompileExec3024745023] Error 1
gmake[1]: Leaving directory `/mnt/hgfs/CTP/CppCTP/CppCTP_SOCKET/socket_demo/multi-thread-socket_C++_Python/server/CMakeFiles/CMakeTmp'
gmake: *** [cmTryCompileExec3024745023/fast] Error 2


