生成启动时间为 2017/3/25 14:51:02。
     1>项目“D:\CTP\CppCTP\CppCTP_LTS\CppCTP_LTS_LV2\CppCTP_LTS_LV2\CppCTP_LTS_LV2.vcxproj”在节点 2 上(Rebuild 个目标)。
     1>ClCompile:
         D:\Program Files (x86)\Microsoft Visual Studio 12.0\VC\bin\CL.exe /c /ZI /nologo /W3 /WX- /Od /Oy- /D WIN32 /D _DEBUG /D _CONSOLE /D _LIB /D _UNICODE /D UNICODE /Gm /EHsc /RTC1 /MDd /GS /fp:precise /Zc:wchar_t /Zc:forScope /Fo"Debug\\" /Fd"Debug\vc120.pdb" /Gd /TP /analyze- /errorReport:prompt Lv2MD.cpp main.cpp
         main.cpp
     1>d:\ctp\cppctp\cppctp_lts\cppctp_lts_lv2\cppctp_lts_lv2\include\lv2md.h : warning C4819: 该文件包含不能在当前代码页(936)中表示的字符。请将该文件保存为 Unicode 格式以防止数据丢失
     1>d:\ctp\cppctp\cppctp_lts\cppctp_lts_lv2\cppctp_lts_lv2\include\securityftdcl2mduserapi.h : warning C4819: 该文件包含不能在当前代码页(936)中表示的字符。请将该文件保存为 Unicode 格式以防止数据丢失
     1>d:\ctp\cppctp\cppctp_lts\cppctp_lts_lv2\cppctp_lts_lv2\include\securityftdcl2mduserapistruct.h : warning C4819: 该文件包含不能在当前代码页(936)中表示的字符。请将该文件保存为 Unicode 格式以防止数据丢失
     1>d:\ctp\cppctp\cppctp_lts\cppctp_lts_lv2\cppctp_lts_lv2\include\securityftdcl2mduserapidatatype.h : warning C4819: 该文件包含不能在当前代码页(936)中表示的字符。请将该文件保存为 Unicode 格式以防止数据丢失
         Lv2MD.cpp
     1>d:\ctp\cppctp\cppctp_lts\cppctp_lts_lv2\cppctp_lts_lv2\lv2md.cpp : warning C4819: 该文件包含不能在当前代码页(936)中表示的字符。请将该文件保存为 Unicode 格式以防止数据丢失
     1>d:\ctp\cppctp\cppctp_lts\cppctp_lts_lv2\cppctp_lts_lv2\include\lv2md.h : warning C4819: 该文件包含不能在当前代码页(936)中表示的字符。请将该文件保存为 Unicode 格式以防止数据丢失
     1>d:\ctp\cppctp\cppctp_lts\cppctp_lts_lv2\cppctp_lts_lv2\include\securityftdcl2mduserapi.h : warning C4819: 该文件包含不能在当前代码页(936)中表示的字符。请将该文件保存为 Unicode 格式以防止数据丢失
     1>d:\ctp\cppctp\cppctp_lts\cppctp_lts_lv2\cppctp_lts_lv2\include\securityftdcl2mduserapistruct.h : warning C4819: 该文件包含不能在当前代码页(936)中表示的字符。请将该文件保存为 Unicode 格式以防止数据丢失
     1>d:\ctp\cppctp\cppctp_lts\cppctp_lts_lv2\cppctp_lts_lv2\include\securityftdcl2mduserapidatatype.h : warning C4819: 该文件包含不能在当前代码页(936)中表示的字符。请将该文件保存为 Unicode 格式以防止数据丢失
     1>d:\ctp\cppctp\cppctp_lts\cppctp_lts_lv2\cppctp_lts_lv2\lv2md.cpp(58): warning C4996: 'strcpy': This function or variable may be unsafe. Consider using strcpy_s instead. To disable deprecation, use _CRT_SECURE_NO_WARNINGS. See online help for details.
                 d:\program files (x86)\microsoft visual studio 12.0\vc\include\string.h(112) : 参见“strcpy”的声明
     1>d:\ctp\cppctp\cppctp_lts\cppctp_lts_lv2\cppctp_lts_lv2\lv2md.cpp(74): warning C4996: 'strcpy': This function or variable may be unsafe. Consider using strcpy_s instead. To disable deprecation, use _CRT_SECURE_NO_WARNINGS. See online help for details.
                 d:\program files (x86)\microsoft visual studio 12.0\vc\include\string.h(112) : 参见“strcpy”的声明
         正在生成代码...
       Link:
         D:\Program Files (x86)\Microsoft Visual Studio 12.0\VC\bin\link.exe /ERRORREPORT:PROMPT /OUT:"D:\CTP\CppCTP\CppCTP_LTS\CppCTP_LTS_LV2\Debug\CppCTP_LTS_LV2.exe" /INCREMENTAL /NOLOGO /LIBPATH:D:\CTP\CppCTP\CppCTP_LTS\CppCTP_LTS_LV2\CppCTP_LTS_LV2\Lib L2mduserapi.lib kernel32.lib user32.lib gdi32.lib winspool.lib comdlg32.lib advapi32.lib shell32.lib ole32.lib oleaut32.lib uuid.lib odbc32.lib odbccp32.lib /MANIFEST /MANIFESTUAC:"level='asInvoker' uiAccess='false'" /manifest:embed /DEBUG /PDB:"D:\CTP\CppCTP\CppCTP_LTS\CppCTP_LTS_LV2\Debug\CppCTP_LTS_LV2.pdb" /SUBSYSTEM:CONSOLE /TLBID:1 /DYNAMICBASE /NXCOMPAT /IMPLIB:"D:\CTP\CppCTP\CppCTP_LTS\CppCTP_LTS_LV2\Debug\CppCTP_LTS_LV2.lib" /MACHINE:X86 Debug\Lv2MD.obj
         Debug\main.obj
         CppCTP_LTS_LV2.vcxproj -> D:\CTP\CppCTP\CppCTP_LTS\CppCTP_LTS_LV2\Debug\CppCTP_LTS_LV2.exe
     1>已完成生成项目“D:\CTP\CppCTP\CppCTP_LTS\CppCTP_LTS_LV2\CppCTP_LTS_LV2\CppCTP_LTS_LV2.vcxproj”(Rebuild 个目标)的操作。

生成成功。

已用时间 00:00:01.16
