Determining if the pthread_create exist failed with the following output:
Change Dir: /mnt/hgfs/CTP/CppCTP/CppCTP_SOCKET/socket_demo/multi-thread-socket_C++_Python/Debug_Version/server/CMakeFiles/CMakeTmp

Run Build Command:/usr/bin/gmake "cmTryCompileExec1081205904/fast"
gmake: Warning: File `Makefile' has modification time 2.8 s in the future
/usr/bin/gmake -f CMakeFiles/cmTryCompileExec1081205904.dir/build.make CMakeFiles/cmTryCompileExec1081205904.dir/build
gmake[1]: Entering directory `/mnt/hgfs/CTP/CppCTP/CppCTP_SOCKET/socket_demo/multi-thread-socket_C++_Python/Debug_Version/server/CMakeFiles/CMakeTmp'
gmake[1]: Warning: File `CMakeFiles/cmTryCompileExec1081205904.dir/flags.make' has modification time 2.8 s in the future
/usr/bin/cmake -E cmake_progress_report /mnt/hgfs/CTP/CppCTP/CppCTP_SOCKET/socket_demo/multi-thread-socket_C++_Python/Debug_Version/server/CMakeFiles/CMakeTmp/CMakeFiles 1
Building C object CMakeFiles/cmTryCompileExec1081205904.dir/CheckSymbolExists.c.o
/usr/bin/cc    -o CMakeFiles/cmTryCompileExec1081205904.dir/CheckSymbolExists.c.o   -c /mnt/hgfs/CTP/CppCTP/CppCTP_SOCKET/socket_demo/multi-thread-socket_C++_Python/Debug_Version/server/CMakeFiles/CMakeTmp/CheckSymbolExists.c
Linking C executable cmTryCompileExec1081205904
/usr/bin/cmake -E cmake_link_script CMakeFiles/cmTryCompileExec1081205904.dir/link.txt --verbose=1
/usr/bin/cc       CMakeFiles/cmTryCompileExec1081205904.dir/CheckSymbolExists.c.o  -o cmTryCompileExec1081205904 -rdynamic 
CMakeFiles/cmTryCompileExec1081205904.dir/CheckSymbolExists.c.o: In function `main':
CheckSymbolExists.c:(.text+0xc): undefined reference to `pthread_create'
collect2: ld returned 1 exit status
gmake[1]: *** [cmTryCompileExec1081205904] Error 1
gmake[1]: Leaving directory `/mnt/hgfs/CTP/CppCTP/CppCTP_SOCKET/socket_demo/multi-thread-socket_C++_Python/Debug_Version/server/CMakeFiles/CMakeTmp'
gmake: *** [cmTryCompileExec1081205904/fast] Error 2

File /mnt/hgfs/CTP/CppCTP/CppCTP_SOCKET/socket_demo/multi-thread-socket_C++_Python/Debug_Version/server/CMakeFiles/CMakeTmp/CheckSymbolExists.c:
/* */
#include <pthread.h>

int main(int argc, char** argv)
{
  (void)argv;
#ifndef pthread_create
  return ((int*)(&pthread_create))[argc];
#else
  (void)argc;
  return 0;
#endif
}

Determining if the function pthread_create exists in the pthreads failed with the following output:
Change Dir: /mnt/hgfs/CTP/CppCTP/CppCTP_SOCKET/socket_demo/multi-thread-socket_C++_Python/Debug_Version/server/CMakeFiles/CMakeTmp

Run Build Command:/usr/bin/gmake "cmTryCompileExec908896963/fast"
/usr/bin/gmake -f CMakeFiles/cmTryCompileExec908896963.dir/build.make CMakeFiles/cmTryCompileExec908896963.dir/build
gmake: Warning: File `Makefile' has modification time 2.8 s in the future
gmake[1]: Entering directory `/mnt/hgfs/CTP/CppCTP/CppCTP_SOCKET/socket_demo/multi-thread-socket_C++_Python/Debug_Version/server/CMakeFiles/CMakeTmp'
gmake[1]: Warning: File `CMakeFiles/cmTryCompileExec908896963.dir/flags.make' has modification time 2.8 s in the future
/usr/bin/cmake -E cmake_progress_report /mnt/hgfs/CTP/CppCTP/CppCTP_SOCKET/socket_demo/multi-thread-socket_C++_Python/Debug_Version/server/CMakeFiles/CMakeTmp/CMakeFiles 1
Building C object CMakeFiles/cmTryCompileExec908896963.dir/CheckFunctionExists.c.o
/usr/bin/cc   -DCHECK_FUNCTION_EXISTS=pthread_create   -o CMakeFiles/cmTryCompileExec908896963.dir/CheckFunctionExists.c.o   -c /usr/share/cmake/Modules/CheckFunctionExists.c
Linking C executable cmTryCompileExec908896963
/usr/bin/cmake -E cmake_link_script CMakeFiles/cmTryCompileExec908896963.dir/link.txt --verbose=1
/usr/bin/cc   -DCHECK_FUNCTION_EXISTS=pthread_create    CMakeFiles/cmTryCompileExec908896963.dir/CheckFunctionExists.c.o  -o cmTryCompileExec908896963 -rdynamic -lpthreads 
/usr/bin/ld: cannot find -lpthreads
collect2: ld returned 1 exit status
gmake[1]: *** [cmTryCompileExec908896963] Error 1
gmake[1]: Leaving directory `/mnt/hgfs/CTP/CppCTP/CppCTP_SOCKET/socket_demo/multi-thread-socket_C++_Python/Debug_Version/server/CMakeFiles/CMakeTmp'
gmake: *** [cmTryCompileExec908896963/fast] Error 2


