ç›˜ä¸­æ¨¡å¼... 
Trade Serverå¼€å§‹åˆå§‹åŒ–...
	åˆå§‹åŒ–ç½‘ç»œç¯å¢ƒå®Œæˆ...
DBManager::getAllTrader()
	*traderid:1601  tradername:yuanpengfei  password:123456  isactive:1 on_off1*
	*traderid:1602  tradername:yinjiaxing  password:123456  isactive:1 on_off1*
	*traderid:1603  tradername:yeting  password:123456  isactive:1 on_off1*
	*traderid:1606  tradername:yuwangying  password:123456  isactive:1 on_off1*
DBManager::getAllObjTrader()
	*traderid:1601  tradername:yuanpengfei  password:123456  isactive:1 on_off1*
	*traderid:1602  tradername:yinjiaxing  password:123456  isactive:1 on_off1*
	*traderid:1603  tradername:yeting  password:123456  isactive:1 on_off1*
	*traderid:1606  tradername:yuwangying  password:123456  isactive:1 on_off1*
	åˆå§‹åŒ–äº¤æ˜“å‘˜å®Œæˆ...
DBManager::getAllFutureAccount()
	*brokerid:9999  traderid:1601  password:669822  userid:058176  frontAddress:tcp://180.168.146.187:10000  on_off:1  sessionid:0  isactive:1*
	*brokerid:9999  traderid:1602  password:123456  userid:083851  frontAddress:tcp://180.168.146.187:10000  on_off:1  sessionid:0  isactive:1*
	*brokerid:9999  traderid:1603  password:123456  userid:083850  frontAddress:tcp://180.168.146.187:10000  on_off:1  sessionid:0  isactive:1*
	*brokerid:9999  traderid:1606  password:123456  userid:063802  frontAddress:tcp://180.168.146.187:10000  on_off:0  sessionid:0  isactive:1*
	*brokerid:9999  traderid:1606  password:123456  userid:083849  frontAddress:tcp://180.168.146.187:10000  on_off:0  sessionid:0  isactive:1*
	åˆå§‹åŒ–æœŸè´§è´¦æˆ·å®Œæˆ...
DBManager::getAllStrategyByActiveUser()
DBManager::getAllStrategyYesterdayByActiveUser()
	åˆå§‹åŒ–ç­–ç•¥å®Œæˆ...
	ç³»ç»Ÿåˆå§‹åŒ–çŠ¶æ€ = 1
DBManager::getAllPositionDetail()
DBManager::getAllPositionDetailTrade()
	åˆå§‹åŒ–äº¤æ˜“å‘˜,æœŸè´§è´¦æˆ·ç»‘å®šå®Œæˆ...
	åˆå§‹åŒ–æœŸè´§è´¦æˆ·,ç­–ç•¥ç»‘å®šå®Œæˆ...
DBManager::getOneMarketConfig()
	MarketConfig * DBManager::getOneMarketConfig() isactive1
	market_id = 1
	*market_id:1  market_frontAddr:tcp://180.168.146.187:10011  broker_id:9999  userid:058176  password:123456  isactive:1*
	[32mç°åœ¨æ—¶é—´: = 2017051213:56:14[0m
CTP_Manager::setIsMarketClose()
	è®¾ç½®ä¸ºç›˜ä¸­çŠ¶æ€
MdSpi::OnRspUserLogin()
	*äº¤æ˜“æ—¥20170512, ç™»å½•æˆåŠŸæ—¶é—´, ç»çºªå…¬å¸ä»£ç , ç”¨æˆ·ä»£ç , äº¤æ˜“ç³»ç»Ÿåç§°, å‰ç½®ç¼–å·0, ä¼šè¯ç¼–å·0, æœ€å¤§æŠ¥å•å¼•ç”¨, ä¸ŠæœŸæ‰€æ—¶é—´, å¤§å•†æ‰€æ—¶é—´, éƒ‘å•†æ‰€æ—¶é—´, ä¸­é‡‘æ‰€æ—¶é—´, èƒ½æºä¸­å¿ƒæ—¶é—´, MdSpi.cpp s_trading_day = 20170512
	åˆå§‹åŒ–è¡Œæƒ…å®Œæˆ...
CTP_Manager::initStrategyAndFutureAccount()
	ctp_manageräº¤æ˜“æ—¥ ä¸ ä¸ºç©º
	è¡Œæƒ… å·² ç™»é™†æˆåŠŸ,åˆå§‹åŒ–æˆåŠŸ
	CTP_Manager ç³»ç»Ÿäº¤æ˜“æ—¥ = 20170512
	ç­–ç•¥æœ€åæ›´æ–°æ—¶é—´ = 20170512
	å¯¹æ¯”ç»“æœ = 1
	ä»Šä»“ userid = 058176
	ä»Šä»“ strategy_id = 02
	ç­–ç•¥æ—¶é—´ç­‰äºæœ€æ–°äº¤æ˜“æ—¥,æ— éœ€åˆå§‹åŒ–
	ç­–ç•¥æœ€åæ›´æ–°æ—¶é—´ = 20170512
	å¯¹æ¯”ç»“æœ = 1
	ä»Šä»“ userid = 058176
	ä»Šä»“ strategy_id = 03
	ç­–ç•¥æ—¶é—´ç­‰äºæœ€æ–°äº¤æ˜“æ—¥,æ— éœ€åˆå§‹åŒ–
	ç­–ç•¥æœ€åæ›´æ–°æ—¶é—´ = 20170512
	å¯¹æ¯”ç»“æœ = 1
	ä»Šä»“ userid = 083851
	ä»Šä»“ strategy_id = 20
	ç­–ç•¥æ—¶é—´ç­‰äºæœ€æ–°äº¤æ˜“æ—¥,æ— éœ€åˆå§‹åŒ–
	ç­–ç•¥æœ€åæ›´æ–°æ—¶é—´ = 20170512
	å¯¹æ¯”ç»“æœ = 1
	ä»Šä»“ userid = 083851
	ä»Šä»“ strategy_id = 21
	ç­–ç•¥æ—¶é—´ç­‰äºæœ€æ–°äº¤æ˜“æ—¥,æ— éœ€åˆå§‹åŒ–
	ç­–ç•¥æœ€åæ›´æ–°æ—¶é—´ = 20170512
	å¯¹æ¯”ç»“æœ = 1
	ä»Šä»“ userid = 083851
	ä»Šä»“ strategy_id = 22
	ç­–ç•¥æ—¶é—´ç­‰äºæœ€æ–°äº¤æ˜“æ—¥,æ— éœ€åˆå§‹åŒ–
	ç­–ç•¥æœ€åæ›´æ–°æ—¶é—´ = 20170512
	å¯¹æ¯”ç»“æœ = 1
	ä»Šä»“ userid = 083851
	ä»Šä»“ strategy_id = 23
	ç­–ç•¥æ—¶é—´ç­‰äºæœ€æ–°äº¤æ˜“æ—¥,æ— éœ€åˆå§‹åŒ–
	ç­–ç•¥æœ€åæ›´æ–°æ—¶é—´ = 20170512
	å¯¹æ¯”ç»“æœ = 1
	ä»Šä»“ userid = 083851
	ä»Šä»“ strategy_id = 24
	ç­–ç•¥æ—¶é—´ç­‰äºæœ€æ–°äº¤æ˜“æ—¥,æ— éœ€åˆå§‹åŒ–
	ç­–ç•¥æœ€åæ›´æ–°æ—¶é—´ = 20170512
	å¯¹æ¯”ç»“æœ = 1
	ä»Šä»“ userid = 083850
	ä»Šä»“ strategy_id = 08
	ç­–ç•¥æ—¶é—´ç­‰äºæœ€æ–°äº¤æ˜“æ—¥,æ— éœ€åˆå§‹åŒ–
	ç­–ç•¥æœ€åæ›´æ–°æ—¶é—´ = 20170512
	å¯¹æ¯”ç»“æœ = 1
	ä»Šä»“ userid = 083850
	ä»Šä»“ strategy_id = 09
	ç­–ç•¥æ—¶é—´ç­‰äºæœ€æ–°äº¤æ˜“æ—¥,æ— éœ€åˆå§‹åŒ–
	ç­–ç•¥æœ€åæ›´æ–°æ—¶é—´ = 20170512
	å¯¹æ¯”ç»“æœ = 1
	ä»Šä»“ userid = 083850
	ä»Šä»“ strategy_id = 01
	ç­–ç•¥æ—¶é—´ç­‰äºæœ€æ–°äº¤æ˜“æ—¥,æ— éœ€åˆå§‹åŒ–
	ç­–ç•¥æœ€åæ›´æ–°æ—¶é—´ = 20170512
	å¯¹æ¯”ç»“æœ = 1
	ä»Šä»“ userid = 083850
	ä»Šä»“ strategy_id = 11
	ç­–ç•¥æ—¶é—´ç­‰äºæœ€æ–°äº¤æ˜“æ—¥,æ— éœ€åˆå§‹åŒ–
	ç­–ç•¥æœ€åæ›´æ–°æ—¶é—´ = 20170512
	å¯¹æ¯”ç»“æœ = 1
	ä»Šä»“ userid = 083850
	ä»Šä»“ strategy_id = 12
	ç­–ç•¥æ—¶é—´ç­‰äºæœ€æ–°äº¤æ˜“æ—¥,æ— éœ€åˆå§‹åŒ–
DBManager::getAllPositionDetailYesterday()
DBManager::getAllPositionDetailTradeYesterday()
Strategy::calPosition()
Strategy::calPosition()
Strategy::calPosition()
Strategy::calPosition()
Strategy::calPosition()
Strategy::calPosition()
Strategy::calPosition()
Strategy::calPosition()
Strategy::calPosition()
Strategy::calPosition()
Strategy::calPosition()
Strategy::calPosition()
	åˆå§‹åŒ–ç­–ç•¥,ä»“ä½å®Œæˆ...
	ä¸»çº¿ç¨‹ID = 139868637575136
	ä¸»çº¿ç¨‹è®¾ç½®å­çº¿ç¨‹åˆ†ç¦»...
	ä¸»çº¿ç¨‹ID = 139868637575136
	æ£€æŸ¥æœŸè´§è´¦æˆ·ç™»å½•çŠ¶æ€
	058176è´¦æˆ·è¿˜åœ¨åˆå§‹åŒ–ä¸­...
	083851è´¦æˆ·è¿˜åœ¨åˆå§‹åŒ–ä¸­...
	083850è´¦æˆ·è¿˜åœ¨åˆå§‹åŒ–ä¸­...
	063802è´¦æˆ·è¿˜åœ¨åˆå§‹åŒ–ä¸­...
	083849è´¦æˆ·è¿˜åœ¨åˆå§‹åŒ–ä¸­...
CTP_Manager::CreateAccount()CTP_Manager::CreateAccount()

	æœŸè´§è´¦æˆ· = 083851
	BrokerID = 9999
	æœŸè´§å¯†ç  = 123456
TdSpi::Connect()
	å·²åˆ›å»ºè¿æ¥å¯¹è±¡ = 0x7f3594000af0
	æœŸè´§è´¦æˆ· = 058176
	BrokerID = 9999
	æœŸè´§å¯†ç  = 669822
TdSpi::Connect()
	å·²åˆ›å»ºè¿æ¥å¯¹è±¡ = 0x7f359c000af0
CTP_Manager::CreateAccount()
	æœŸè´§è´¦æˆ· = 083849
	BrokerID = 9999
	æœŸè´§å¯†ç  = 123456
TdSpi::Connect()
	å·²åˆ›å»ºè¿æ¥å¯¹è±¡ = 0x7f3590000af0
CTP_Manager::CreateAccount()
	æœŸè´§è´¦æˆ· = 063802
	BrokerID = 9999
	æœŸè´§å¯†ç  = 123456
TdSpi::Connect()
	å·²åˆ›å»ºè¿æ¥å¯¹è±¡ = 0x7f3584000af0
CTP_Manager::CreateAccount()
	æœŸè´§è´¦æˆ· = 083850
	BrokerID = 9999
	æœŸè´§å¯†ç  = 123456
TdSpi::Connect()
	å·²åˆ›å»ºè¿æ¥å¯¹è±¡ = 0x7f358c000af0
	ä¸»çº¿ç¨‹ID = 139868637575136
	æ£€æŸ¥æœŸè´§è´¦æˆ·ç™»å½•çŠ¶æ€
	058176è´¦æˆ·è¿˜åœ¨åˆå§‹åŒ–ä¸­...
	083851è´¦æˆ·è¿˜åœ¨åˆå§‹åŒ–ä¸­...
	083850è´¦æˆ·è¿˜åœ¨åˆå§‹åŒ–ä¸­...
	063802è´¦æˆ·è¿˜åœ¨åˆå§‹åŒ–ä¸­...
	083849è´¦æˆ·è¿˜åœ¨åˆå§‹åŒ–ä¸­...
TdSpi::OnRspUserLogin()
	*TdAPI äº¤æ˜“æ—¥:20170512, ç™»å½•æˆåŠŸæ—¶é—´:13:56:14, ç»çºªå…¬å¸ä»£ç :9999, ç”¨æˆ·ä»£ç :058176, äº¤æ˜“ç³»ç»Ÿåç§°:TradingHosting, å‰ç½®ç¼–å·:1, ä¼šè¯ç¼–å·:1319360257, æœ€å¤§æŠ¥å•å¼•ç”¨:1, ä¸ŠæœŸæ‰€æ—¶é—´:13:56:14, å¤§å•†æ‰€æ—¶é—´:13:56:14, éƒ‘å•†æ‰€æ—¶é—´:13:56:14, ä¸­é‡‘æ‰€æ—¶é—´13:56:14, èƒ½æºä¸­å¿ƒæ—¶é—´13:56:14
TdSpi::OnRspUserLogin()
TdSpi::IsErrorRspInfo() ErrorID = 60, ErrorMsg=CTP:ç”¨æˆ·åœ¨çº¿ä¼šè¯è¶…å‡ºä¸Šé™
	ç™»é™†å‡ºé”™!
CThostFtdcUserApiImplBase::OnSessionDisconnected[0x7f35680008c8][1317011458][ 4097]
TdSpi::OnFrontDisconnected()
	æ–­çº¿åŸå›  = 4097
CTP_Manager::sendTradeOffLineMessage()
	å‘é€äº¤æ˜“æ–­çº¿é€šçŸ¥
m_socket_fds æœªæ‰¾åˆ° è¯¥æœŸè´§è´¦æˆ· = 083849
TdSpi::IsErrorRspInfo() ErrorID = 91, ErrorMsg=SHFE:æŠ¥å•å·²ç»æ’¤é”€¶…å‡ºä¸Šé™
main.cpp sig_handler()
main.cpp sig_handler()
	[32mæœåŠ¡ç«¯æ­£å¸¸å…³é—­ï¼Œå¼€å§‹ä¿å­˜ç­–ç•¥æŒä»“æ˜ç»†.[0m
CTP_Manager::saveAllStrategyPositionDetail()
Strategy::UpdateStrategy()
	æŸ¥æ‰¾åˆ° 1 æ¡ç­–ç•¥è®°å½•
DBManager::DeletePositionDetailByStrategy()
	ç­–ç•¥å­˜åœ¨,å¼€å§‹åˆ é™¤å¯¹åº”ç­–ç•¥æŒä»“æ˜ç»†
	ç­–ç•¥å­˜åœ¨,å¼€å§‹åˆ é™¤æŒä»“æ˜ç»†order
	ç­–ç•¥å­˜åœ¨,å¼€å§‹åˆ é™¤æŒä»“æ˜ç»†trade
	å…³é—­æœåŠ¡ç«¯,ä¿å­˜æœŸè´§è´¦æˆ· = 058176
	å…³é—­æœåŠ¡ç«¯,ä¿å­˜ç­–ç•¥ID = 02
	å…³é—­æœåŠ¡ç«¯,Orderæ˜ç»†é•¿åº¦ = 0
	å…³é—­æœåŠ¡ç«¯,Tradeæ˜ç»†é•¿åº¦ = 0
Strategy::UpdateStrategy()
	æŸ¥æ‰¾åˆ° 1 æ¡ç­–ç•¥è®°å½•
DBManager::DeletePositionDetailByStrategy()
	ç­–ç•¥å­˜åœ¨,å¼€å§‹åˆ é™¤å¯¹åº”ç­–ç•¥æŒä»“æ˜ç»†
	ç­–ç•¥å­˜åœ¨,å¼€å§‹åˆ é™¤æŒä»“æ˜ç»†order
	ç­–ç•¥å­˜åœ¨,å¼€å§‹åˆ é™¤æŒä»“æ˜ç»†trade
	å…³é—­æœåŠ¡ç«¯,ä¿å­˜æœŸè´§è´¦æˆ· = 058176
	å…³é—­æœåŠ¡ç«¯,ä¿å­˜ç­–ç•¥ID = 03
	å…³é—­æœåŠ¡ç«¯,Orderæ˜ç»†é•¿åº¦ = 32
	å…³é—­æœåŠ¡ç«¯,Tradeæ˜ç»†é•¿åº¦ = 32
Strategy::UpdateStrategy()
	æŸ¥æ‰¾åˆ° 1 æ¡ç­–ç•¥è®°å½•
DBManager::DeletePositionDetailByStrategy()
	ç­–ç•¥å­˜åœ¨,å¼€å§‹åˆ é™¤å¯¹åº”ç­–ç•¥æŒä»“æ˜ç»†
	ç­–ç•¥å­˜åœ¨,å¼€å§‹åˆ é™¤æŒä»“æ˜ç»†order
	ç­–ç•¥å­˜åœ¨,å¼€å§‹åˆ é™¤æŒä»“æ˜ç»†trade
	å…³é—­æœåŠ¡ç«¯,ä¿å­˜æœŸè´§è´¦æˆ· = 083851
	å…³é—­æœåŠ¡ç«¯,ä¿å­˜ç­–ç•¥ID = 20
	å…³é—­æœåŠ¡ç«¯,Orderæ˜ç»†é•¿åº¦ = 8
	å…³é—­æœåŠ¡ç«¯,Tradeæ˜ç»†é•¿åº¦ = 8
Strategy::UpdateStrategy()
	æŸ¥æ‰¾åˆ° 1 æ¡ç­–ç•¥è®°å½•
DBManager::DeletePositionDetailByStrategy()
	ç­–ç•¥å­˜åœ¨,å¼€å§‹åˆ é™¤å¯¹åº”ç­–ç•¥æŒä»“æ˜ç»†
	ç­–ç•¥å­˜åœ¨,å¼€å§‹åˆ é™¤æŒä»“æ˜ç»†order
	ç­–ç•¥å­˜åœ¨,å¼€å§‹åˆ é™¤æŒä»“æ˜ç»†trade
	å…³é—­æœåŠ¡ç«¯,ä¿å­˜æœŸè´§è´¦æˆ· = 083851
	å…³é—­æœåŠ¡ç«¯,ä¿å­˜ç­–ç•¥ID = 21
	å…³é—­æœåŠ¡ç«¯,Orderæ˜ç»†é•¿åº¦ = 0
	å…³é—­æœåŠ¡ç«¯,Tradeæ˜ç»†é•¿åº¦ = 0
Strategy::UpdateStrategy()
	æŸ¥æ‰¾åˆ° 1 æ¡ç­–ç•¥è®°å½•
DBManager::DeletePositionDetailByStrategy()
	ç­–ç•¥å­˜åœ¨,å¼€å§‹åˆ é™¤å¯¹åº”ç­–ç•¥æŒä»“æ˜ç»†
	ç­–ç•¥å­˜åœ¨,å¼€å§‹åˆ é™¤æŒä»“æ˜ç»†order
	ç­–ç•¥å­˜åœ¨,å¼€å§‹åˆ é™¤æŒä»“æ˜ç»†trade
	å…³é—­æœåŠ¡ç«¯,ä¿å­˜æœŸè´§è´¦æˆ· = 083851
	å…³é—­æœåŠ¡ç«¯,ä¿å­˜ç­–ç•¥ID = 22
	å…³é—­æœåŠ¡ç«¯,Orderæ˜ç»†é•¿åº¦ = 4
	å…³é—­æœåŠ¡ç«¯,Tradeæ˜ç»†é•¿åº¦ = 4
Strategy::UpdateStrategy()
	æŸ¥æ‰¾åˆ° 1 æ¡ç­–ç•¥è®°å½•
DBManager::DeletePositionDetailByStrategy()
	ç­–ç•¥å­˜åœ¨,å¼€å§‹åˆ é™¤å¯¹åº”ç­–ç•¥æŒä»“æ˜ç»†
	ç­–ç•¥å­˜åœ¨,å¼€å§‹åˆ é™¤æŒä»“æ˜ç»†order
	ç­–ç•¥å­˜åœ¨,å¼€å§‹åˆ é™¤æŒä»“æ˜ç»†trade
	å…³é—­æœåŠ¡ç«¯,ä¿å­˜æœŸè´§è´¦æˆ· = 083851
	å…³é—­æœåŠ¡ç«¯,ä¿å­˜ç­–ç•¥ID = 23
	å…³é—­æœåŠ¡ç«¯,Orderæ˜ç»†é•¿åº¦ = 14
	å…³é—­æœåŠ¡ç«¯,Tradeæ˜ç»†é•¿åº¦ = 14
Strategy::UpdateStrategy()
	æŸ¥æ‰¾åˆ° 1 æ¡ç­–ç•¥è®°å½•
DBManager::DeletePositionDetailByStrategy()
	ç­–ç•¥å­˜åœ¨,å¼€å§‹åˆ é™¤å¯¹åº”ç­–ç•¥æŒä»“æ˜ç»†
	ç­–ç•¥å­˜åœ¨,å¼€å§‹åˆ é™¤æŒä»“æ˜ç»†order
	ç­–ç•¥å­˜åœ¨,å¼€å§‹åˆ é™¤æŒä»“æ˜ç»†trade
	å…³é—­æœåŠ¡ç«¯,ä¿å­˜æœŸè´§è´¦æˆ· = 083851
	å…³é—­æœåŠ¡ç«¯,ä¿å­˜ç­–ç•¥ID = 24
	å…³é—­æœåŠ¡ç«¯,Orderæ˜ç»†é•¿åº¦ = 0
	å…³é—­æœåŠ¡ç«¯,Tradeæ˜ç»†é•¿åº¦ = 0
Strategy::UpdateStrategy()
	æŸ¥æ‰¾åˆ° 1 æ¡ç­–ç•¥è®°å½•
DBManager::DeletePositionDetailByStrategy()
	ç­–ç•¥å­˜åœ¨,å¼€å§‹åˆ é™¤å¯¹åº”ç­–ç•¥æŒä»“æ˜ç»†
	ç­–ç•¥å­˜åœ¨,å¼€å§‹åˆ é™¤æŒä»“æ˜ç»†order
	ç­–ç•¥å­˜åœ¨,å¼€å§‹åˆ é™¤æŒä»“æ˜ç»†trade
	å…³é—­æœåŠ¡ç«¯,ä¿å­˜æœŸè´§è´¦æˆ· = 083850
	å…³é—­æœåŠ¡ç«¯,ä¿å­˜ç­–ç•¥ID = 08
	å…³é—­æœåŠ¡ç«¯,Orderæ˜ç»†é•¿åº¦ = 20
	å…³é—­æœåŠ¡ç«¯,Tradeæ˜ç»†é•¿åº¦ = 20
Strategy::UpdateStrategy()
	æŸ¥æ‰¾åˆ° 1 æ¡ç­–ç•¥è®°å½•
DBManager::DeletePositionDetailByStrategy()
	ç­–ç•¥å­˜åœ¨,å¼€å§‹åˆ é™¤å¯¹åº”ç­–ç•¥æŒä»“æ˜ç»†
	ç­–ç•¥å­˜åœ¨,å¼€å§‹åˆ é™¤æŒä»“æ˜ç»†order
	ç­–ç•¥å­˜åœ¨,å¼€å§‹åˆ é™¤æŒä»“æ˜ç»†trade
	å…³é—­æœåŠ¡ç«¯,ä¿å­˜æœŸè´§è´¦æˆ· = 083850
	å…³é—­æœåŠ¡ç«¯,ä¿å­˜ç­–ç•¥ID = 09
	å…³é—­æœåŠ¡ç«¯,Orderæ˜ç»†é•¿åº¦ = 0
	å…³é—­æœåŠ¡ç«¯,Tradeæ˜ç»†é•¿åº¦ = 0
Strategy::UpdateStrategy()
	æŸ¥æ‰¾åˆ° 1 æ¡ç­–ç•¥è®°å½•
DBManager::DeletePositionDetailByStrategy()
	ç­–ç•¥å­˜åœ¨,å¼€å§‹åˆ é™¤å¯¹åº”ç­–ç•¥æŒä»“æ˜ç»†
	ç­–ç•¥å­˜åœ¨,å¼€å§‹åˆ é™¤æŒä»“æ˜ç»†order
	ç­–ç•¥å­˜åœ¨,å¼€å§‹åˆ é™¤æŒä»“æ˜ç»†trade
	å…³é—­æœåŠ¡ç«¯,ä¿å­˜æœŸè´§è´¦æˆ· = 083850
	å…³é—­æœåŠ¡ç«¯,ä¿å­˜ç­–ç•¥ID = 01
	å…³é—­æœåŠ¡ç«¯,Orderæ˜ç»†é•¿åº¦ = 6
	å…³é—­æœåŠ¡ç«¯,Tradeæ˜ç»†é•¿åº¦ = 7
Strategy::UpdateStrategy()
	æŸ¥æ‰¾åˆ° 1 æ¡ç­–ç•¥è®°å½•
DBManager::DeletePositionDetailByStrategy()
	ç­–ç•¥å­˜åœ¨,å¼€å§‹åˆ é™¤å¯¹åº”ç­–ç•¥æŒä»“æ˜ç»†
	ç­–ç•¥å­˜åœ¨,å¼€å§‹åˆ é™¤æŒä»“æ˜ç»†order
	ç­–ç•¥å­˜åœ¨,å¼€å§‹åˆ é™¤æŒä»“æ˜ç»†trade
	å…³é—­æœåŠ¡ç«¯,ä¿å­˜æœŸè´§è´¦æˆ· = 083850
	å…³é—­æœåŠ¡ç«¯,ä¿å­˜ç­–ç•¥ID = 11
	å…³é—­æœåŠ¡ç«¯,Orderæ˜ç»†é•¿åº¦ = 1
	å…³é—­æœåŠ¡ç«¯,Tradeæ˜ç»†é•¿åº¦ = 1
Strategy::UpdateStrategy()
	æŸ¥æ‰¾åˆ° 1 æ¡ç­–ç•¥è®°å½•
DBManager::DeletePositionDetailByStrategy()
	ç­–ç•¥å­˜åœ¨,å¼€å§‹åˆ é™¤å¯¹åº”ç­–ç•¥æŒä»“æ˜ç»†
	ç­–ç•¥å­˜åœ¨,å¼€å§‹åˆ é™¤æŒä»“æ˜ç»†order
	ç­–ç•¥å­˜åœ¨,å¼€å§‹åˆ é™¤æŒä»“æ˜ç»†trade
	å…³é—­æœåŠ¡ç«¯,ä¿å­˜æœŸè´§è´¦æˆ· = 083850
	å…³é—­æœåŠ¡ç«¯,ä¿å­˜ç­–ç•¥ID = 12
	å…³é—­æœåŠ¡ç«¯,Orderæ˜ç»†é•¿åº¦ = 16
	å…³é—­æœåŠ¡ç«¯,Tradeæ˜ç»†é•¿åº¦ = 16
DBManager::UpdateSystemRunningStatus value = off
DBManager::UpdateSystemRunningStatus key = BEES_HOME
