0.904085 26
0.018832 1
1.355178 1
0.086128 1
0.104190 1
0.080631 1
0.182015 1
0.251614 1
0.121280 1
0.098864 1
0.109917 1
0.121472 2
0.421381 26
0.027037 1
0.519536 1
0.086254 1
0.072016 1
0.104909 2
0.211576 7
0.072531 74
0.006614 7
1.054161 75
0.004994 7
1.065942 75
0.005728 7
1.413310 81
0.006568 7
1.103491 75
0.006341 7
0.206027 74
0.005286 7
1.025537 75
0.007147 7
0.202200 79
0.005491 7
1.202867 76
0.006858 7
0.135794 83
0.008374 55
0.149062 7
0.273523 32
0.001499 26
0.014891 1
0.688187 1
0.175595 1
0.184185 17
0.231882 2
0.280722 337
0.027376 1
1.253746 29
0.372332 1
0.669337 1
0.179581 1
0.114641 1
0.102325 1
0.154175 1
0.120509 1
0.121592 1
0.112287 1
0.218710 1
0.084477 1
0.108392 29
0.304795 1
0.875686 1
0.222541 1
0.202441 1
0.342083 1
0.312570 1
0.604940 1
0.164227 1
0.140689 341
0.284871 1
1.625614 29
0.215753 1
0.379973 1
0.169881 1
0.135080 1
0.110508 1
0.176560 1
0.107727 1
0.103909 1
0.116703 1
0.190276 1
0.049406 1
0.158195 29
0.218466 1
0.279880 1
0.218737 1
0.148848 1
0.205109 1
0.176658 1
0.199846 303
0.255962 1
0.998010 334
0.250497 1
0.776010 2
0.251309 727
0.003306 1
4.442069 483
0.208788 1
2.301685 2
0.294827 315
0.002476 1
1.943737 2
0.260491 727
0.001535 1
2.364202 234
0.166194 1
1.178608 233
0.261393 2
1.609260 2
0.000100 26
0.000015 1
0.635895 1
0.178987 1
0.128294 1
0.138228 8
